<?xml version="1.0" encoding="UTF-8"?>
<!-- Generated by org.testng.reporters.JUnitXMLReporter -->
<testsuite ignored="3" hostname="D-AGSANT-21" failures="0" tests="1" name="Default test" time="5.274" errors="0" timestamp="2023-08-28T11:53:06 IST">
  <testcase classname="com.SmartRecycle.QA.Automation.ForgetPage" name="VerifyFrpwdwithInvalidata" time="0.828"/>
  <testcase classname="com.SmartRecycle.QA.Automation.ForgetPage" name="VerifySigninbtn" time="0.0">
    <ignored/>
  </testcase> <!-- VerifySigninbtn -->
  <testcase classname="com.SmartRecycle.QA.Automation.ForgetPage" name="verifyForgetpasswordLink" time="0.0">
    <ignored/>
  </testcase> <!-- verifyForgetpasswordLink -->
  <testcase classname="com.SmartRecycle.QA.Automation.ForgetPage" name="Verifyfrpwwithvalidemail" time="0.0">
    <ignored/>
  </testcase> <!-- Verifyfrpwwithvalidemail -->
</testsuite> <!-- Default test -->
