<?xml version="1.0" encoding="UTF-8"?>
<!-- Generated by org.testng.reporters.JUnitXMLReporter -->
<testsuite ignored="0" hostname="D-AGSANT-21" failures="0" tests="12" name="Test" time="75.006" errors="0" timestamp="2023-09-07T17:28:04 IST">
  <testcase classname="com.SmartRecycle.QA.Automation.ForgetPageTest" name="verifyForgetpasswordLink" time="0.41"/>
  <testcase classname="com.SmartRecycle.QA.Automation.ForgetPageTest" name="Verifyfrpwwithvalidemail" time="10.127"/>
  <testcase classname="com.SmartRecycle.QA.Automation.ForgetPageTest" name="VerifyFrpwdwithInvalidata" time="1.201"/>
  <testcase classname="com.SmartRecycle.QA.Automation.ForgetPageTest" name="VerifySigninbtn" time="0.271"/>
  <testcase classname="com.SmartRecycle.QA.Automation.ResetPasswordTest" name="verifyOtpFeild" time="4.248"/>
  <testcase classname="com.SmartRecycle.QA.Automation.ResetPasswordTest" name="verifyNewpasswordfeild" time="5.045"/>
  <testcase classname="com.SmartRecycle.QA.Automation.ResetPasswordTest" name="verifyConfirmpwd" time="4.831"/>
  <testcase classname="com.SmartRecycle.QA.Automation.LoginTest" name="verifywithValiddata" time="4.461"/>
  <testcase classname="com.SmartRecycle.QA.Automation.LoginTest" name="verifywithNodata" time="0.155"/>
  <testcase classname="com.SmartRecycle.QA.Automation.LoginTest" name="verifyemptyUNwithvalidPw" time="0.299"/>
  <testcase classname="com.SmartRecycle.QA.Automation.LoginTest" name="verifywithEmptypassword" time="0.302"/>
  <testcase classname="com.SmartRecycle.QA.Automation.LoginTest" name="verifyCompanyrights" time="0.044"/>
</testsuite> <!-- Test -->
